  AI.cpp
c:\c++\tic-tac-toe\tictactoe\ai.hpp(3): fatal error C1083: Cannot open include file: 'SFML/Graphics.hpp': No such file or directory
  AssetManager.cpp
c:\c++\tic-tac-toe\tictactoe\assetmanager.cpp(1): fatal error C1083: Cannot open include file: 'SFML/Graphics.hpp': No such file or directory
  Game.cpp
c:\c++\tic-tac-toe\tictactoe\game.hpp(5): fatal error C1083: Cannot open include file: 'SFML/Graphics.hpp': No such file or directory
  GameOverState.cpp
c:\c++\tic-tac-toe\tictactoe\gameoverstate.hpp(3): fatal error C1083: Cannot open include file: 'SFML/Graphics.hpp': No such file or directory
  GameState.cpp
c:\c++\tic-tac-toe\tictactoe\gamestate.hpp(3): fatal error C1083: Cannot open include file: 'SFML/Graphics.hpp': No such file or directory
  InputManager.cpp
c:\c++\tic-tac-toe\tictactoe\inputmanager.hpp(3): fatal error C1083: Cannot open include file: 'SFML\Graphics.hpp': No such file or directory
  MainMenuState.cpp
c:\c++\tic-tac-toe\tictactoe\mainmenustate.hpp(3): fatal error C1083: Cannot open include file: 'SFML/Graphics.hpp': No such file or directory
  PauseState.cpp
c:\c++\tic-tac-toe\tictactoe\pausestate.hpp(3): fatal error C1083: Cannot open include file: 'SFML/Graphics.hpp': No such file or directory
  SplashState.cpp
c:\c++\tic-tac-toe\tictactoe\splashstate.hpp(3): fatal error C1083: Cannot open include file: 'SFML/Graphics.hpp': No such file or directory
  StateMachine.cpp
  TicTacToe.cpp
c:\c++\tic-tac-toe\tictactoe\game.hpp(5): fatal error C1083: Cannot open include file: 'SFML/Graphics.hpp': No such file or directory
  Generating Code...
